<?xml version="1.0" encoding="UTF-8"?>
<testng-results ignored="0" total="9" passed="9" failed="0" skipped="0">
  <reporter-output>
  </reporter-output>
  <suite started-at="2024-02-23T22:36:59 CST" name="EinfoChipsSuite" finished-at="2024-02-23T22:37:44 CST" duration-ms="44972">
    <groups>
    </groups>
    <test started-at="2024-02-23T22:36:59 CST" name="EinfoChips" finished-at="2024-02-23T22:37:44 CST" duration-ms="44972">
      <class name="Main.EinfoChipsHome">
        <test-method is-config="true" signature="launchBrowser(java.lang.String)[pri:0, instance:Main.EinfoChipsHome@1dde4cb2]" started-at="2024-02-23T22:36:59 CST" name="launchBrowser" finished-at="2024-02-23T22:37:05 CST" duration-ms="6169" status="PASS">
          <params>
            <param index="0">
              <value>
                <![CDATA[https://www.einfochips.com/]]>
              </value>
            </param>
          </params>
          <reporter-output>
          </reporter-output>
        </test-method> <!-- launchBrowser -->
        <test-method signature="validateLogo()[pri:1, instance:Main.EinfoChipsHome@1dde4cb2]" started-at="2024-02-23T22:37:05 CST" name="validateLogo" finished-at="2024-02-23T22:37:07 CST" duration-ms="2049" status="PASS">
          <reporter-output>
          </reporter-output>
        </test-method> <!-- validateLogo -->
        <test-method signature="validateMenuHeaders(java.lang.String)[pri:2, instance:Main.EinfoChipsHome@1dde4cb2]" started-at="2024-02-23T22:37:07 CST" name="validateMenuHeaders" finished-at="2024-02-23T22:37:07 CST" duration-ms="76" status="PASS">
          <params>
            <param index="0">
              <value>
                <![CDATA[Services,IPs & Frameworks,Domains,Reference Designs,Partnerships,About Us]]>
              </value>
            </param>
          </params>
          <reporter-output>
          </reporter-output>
        </test-method> <!-- validateMenuHeaders -->
        <test-method signature="domainsOptions()[pri:3, instance:Main.EinfoChipsHome@1dde4cb2]" started-at="2024-02-23T22:37:07 CST" name="domainsOptions" finished-at="2024-02-23T22:37:16 CST" duration-ms="9062" status="PASS">
          <reporter-output>
          </reporter-output>
        </test-method> <!-- domainsOptions -->
        <test-method signature="validateSemiCond_page(java.lang.String,java.lang.String)[pri:4, instance:Main.EinfoChipsHome@1dde4cb2]" started-at="2024-02-23T22:37:16 CST" name="validateSemiCond_page" finished-at="2024-02-23T22:37:19 CST" duration-ms="3019" status="PASS">
          <params>
            <param index="0">
              <value>
                <![CDATA[https://www.einfochips.com/domains/semiconductor/]]>
              </value>
            </param>
            <param index="1">
              <value>
                <![CDATA[Semiconductor Design Services | ASIC/FPGA Design Services]]>
              </value>
            </param>
          </params>
          <reporter-output>
          </reporter-output>
        </test-method> <!-- validateSemiCond_page -->
        <test-method signature="backHome_page()[pri:5, instance:Main.EinfoChipsHome@1dde4cb2]" started-at="2024-02-23T22:37:19 CST" name="backHome_page" finished-at="2024-02-23T22:37:24 CST" duration-ms="4551" status="PASS">
          <reporter-output>
          </reporter-output>
        </test-method> <!-- backHome_page -->
        <test-method signature="validateNewsletter_section(java.lang.String)[pri:6, instance:Main.EinfoChipsHome@1dde4cb2]" started-at="2024-02-23T22:37:24 CST" name="validateNewsletter_section" finished-at="2024-02-23T22:37:26 CST" duration-ms="2042" status="PASS">
          <params>
            <param index="0">
              <value>
                <![CDATA[Business Email*]]>
              </value>
            </param>
          </params>
          <reporter-output>
          </reporter-output>
        </test-method> <!-- validateNewsletter_section -->
        <test-method signature="ContactUs_page(java.lang.String,java.lang.String,java.lang.String,java.lang.String,java.lang.String,java.lang.String)[pri:7, instance:Main.EinfoChipsHome@1dde4cb2]" started-at="2024-02-23T22:37:26 CST" name="ContactUs_page" finished-at="2024-02-23T22:37:37 CST" duration-ms="11698" status="PASS">
          <params>
            <param index="0">
              <value>
                <![CDATA[Elena]]>
              </value>
            </param>
            <param index="1">
              <value>
                <![CDATA[random@email.com]]>
              </value>
            </param>
            <param index="2">
              <value>
                <![CDATA[12345678]]>
              </value>
            </param>
            <param index="3">
              <value>
                <![CDATA[The company]]>
              </value>
            </param>
            <param index="4">
              <value>
                <![CDATA[Domains]]>
              </value>
            </param>
            <param index="5">
              <value>
                <![CDATA[a comment is getting written]]>
              </value>
            </param>
          </params>
          <reporter-output>
          </reporter-output>
        </test-method> <!-- ContactUs_page -->
        <test-method signature="validateChampionInnovation(int)[pri:8, instance:Main.EinfoChipsHome@1dde4cb2]" started-at="2024-02-23T22:37:37 CST" name="validateChampionInnovation" finished-at="2024-02-23T22:37:43 CST" duration-ms="6086" status="PASS">
          <params>
            <param index="0">
              <value>
                <![CDATA[10]]>
              </value>
            </param>
          </params>
          <reporter-output>
          </reporter-output>
        </test-method> <!-- validateChampionInnovation -->
        <test-method signature="validateAerospace_section()[pri:9, instance:Main.EinfoChipsHome@1dde4cb2]" started-at="2024-02-23T22:37:43 CST" name="validateAerospace_section" finished-at="2024-02-23T22:37:43 CST" duration-ms="37" status="PASS">
          <reporter-output>
          </reporter-output>
        </test-method> <!-- validateAerospace_section -->
        <test-method is-config="true" signature="closeBrowser()[pri:0, instance:Main.EinfoChipsHome@1dde4cb2]" started-at="2024-02-23T22:37:43 CST" name="closeBrowser" finished-at="2024-02-23T22:37:44 CST" duration-ms="161" status="PASS">
          <reporter-output>
          </reporter-output>
        </test-method> <!-- closeBrowser -->
      </class> <!-- Main.EinfoChipsHome -->
    </test> <!-- EinfoChips -->
  </suite> <!-- EinfoChipsSuite -->
</testng-results>
