<?xml version="1.0" encoding="UTF-8"?>
<testsuite name="EinfoChips"
           tests="3"
           failures="0"
           errors="0"
           skipped="0"
           time="5.724">
    <properties></properties>



            <testcase
                name="validateMenuHeaders"
                time="0.073"
                classname="Main.EinfoChipsHome">
            </testcase>
            <testcase
                name="validateLogo"
                time="2.037"
                classname="Main.EinfoChipsHome">
            </testcase>
            <testcase
                name="domainsOptions"
                time="3.614"
                classname="Main.EinfoChipsHome">
            </testcase>
</testsuite>
