<?xml version="1.0" encoding="UTF-8"?>
<!-- Generated by org.testng.reporters.JUnitXMLReporter -->
<testsuite ignored="0" hostname="Sylveryn" failures="0" tests="9" name="EinfoChips" time="44.327" errors="0" timestamp="2024-02-23T22:00:24 CST">
  <testcase classname="Main.EinfoChipsHome" name="validateLogo" time="2.045"/>
  <testcase classname="Main.EinfoChipsHome" name="validateMenuHeaders" time="0.067"/>
  <testcase classname="Main.EinfoChipsHome" name="domainsOptions" time="12.109"/>
  <testcase classname="Main.EinfoChipsHome" name="validateSemiCond_page" time="3.02"/>
  <testcase classname="Main.EinfoChipsHome" name="backHome_page" time="4.626"/>
  <testcase classname="Main.EinfoChipsHome" name="validateNewsletter_section" time="2.053"/>
  <testcase classname="Main.EinfoChipsHome" name="ContactUs_page" time="8.602"/>
  <testcase classname="Main.EinfoChipsHome" name="validateChampionInnovation" time="6.091"/>
  <testcase classname="Main.EinfoChipsHome" name="validateAerospace_section" time="0.038"/>
</testsuite> <!-- EinfoChips -->
