<?xml version="1.0" encoding="UTF-8"?>
<!-- Generated by org.testng.reporters.JUnitXMLReporter -->
<testsuite ignored="0" hostname="Sylveryn" failures="0" tests="9" name="EinfoChips" time="41.982" errors="0" timestamp="2024-02-24T07:09:16 CST">
  <testcase classname="Main.EinfoChipsHome" name="validateLogo" time="2.083"/>
  <testcase classname="Main.EinfoChipsHome" name="validateMenuHeaders" time="0.14"/>
  <testcase classname="Main.EinfoChipsHome" name="domainsOptions" time="8.863"/>
  <testcase classname="Main.EinfoChipsHome" name="validateSemiCond_page" time="3.036"/>
  <testcase classname="Main.EinfoChipsHome" name="backHome_page" time="4.753"/>
  <testcase classname="Main.EinfoChipsHome" name="validateNewsletter_section" time="2.071"/>
  <testcase classname="Main.EinfoChipsHome" name="ContactUs_page" time="9.037"/>
  <testcase classname="Main.EinfoChipsHome" name="validateChampionInnovation" time="6.141"/>
  <testcase classname="Main.EinfoChipsHome" name="validateAerospace_section" time="0.049"/>
</testsuite> <!-- EinfoChips -->
