<?xml version="1.0" encoding="UTF-8"?>
<testsuite name="EinfoChips"
           tests="9"
           failures="0"
           errors="0"
           skipped="0"
           time="36.173">
    <properties></properties>



            <testcase
                name="validateChampionInnovation"
                time="6.141"
                classname="Main.EinfoChipsHome">
            </testcase>
            <testcase
                name="validateLogo"
                time="2.083"
                classname="Main.EinfoChipsHome">
            </testcase>
            <testcase
                name="backHome_page"
                time="4.753"
                classname="Main.EinfoChipsHome">
            </testcase>
            <testcase
                name="validateMenuHeaders"
                time="0.140"
                classname="Main.EinfoChipsHome">
            </testcase>
            <testcase
                name="domainsOptions"
                time="8.863"
                classname="Main.EinfoChipsHome">
            </testcase>
            <testcase
                name="validateNewsletter_section"
                time="2.071"
                classname="Main.EinfoChipsHome">
            </testcase>
            <testcase
                name="validateAerospace_section"
                time="0.049"
                classname="Main.EinfoChipsHome">
            </testcase>
            <testcase
                name="ContactUs_page"
                time="9.037"
                classname="Main.EinfoChipsHome">
            </testcase>
            <testcase
                name="validateSemiCond_page"
                time="3.036"
                classname="Main.EinfoChipsHome">
            </testcase>
</testsuite>
