<?xml version="1.0" encoding="UTF-8"?>
<testsuite name="EinfoChips"
           tests="9"
           failures="0"
           errors="0"
           skipped="0"
           time="38.620">
    <properties></properties>



            <testcase
                name="validateChampionInnovation"
                time="6.086"
                classname="Main.EinfoChipsHome">
            </testcase>
            <testcase
                name="validateLogo"
                time="2.049"
                classname="Main.EinfoChipsHome">
            </testcase>
            <testcase
                name="backHome_page"
                time="4.551"
                classname="Main.EinfoChipsHome">
            </testcase>
            <testcase
                name="validateMenuHeaders"
                time="0.076"
                classname="Main.EinfoChipsHome">
            </testcase>
            <testcase
                name="domainsOptions"
                time="9.062"
                classname="Main.EinfoChipsHome">
            </testcase>
            <testcase
                name="validateNewsletter_section"
                time="2.042"
                classname="Main.EinfoChipsHome">
            </testcase>
            <testcase
                name="validateAerospace_section"
                time="0.037"
                classname="Main.EinfoChipsHome">
            </testcase>
            <testcase
                name="ContactUs_page"
                time="11.698"
                classname="Main.EinfoChipsHome">
            </testcase>
            <testcase
                name="validateSemiCond_page"
                time="3.019"
                classname="Main.EinfoChipsHome">
            </testcase>
</testsuite>
